{"/Users/vivxi/Desktop/CIS 3500/cis-3500-team-9/server/controller/server.js": {"path":"/Users/vivxi/Desktop/CIS 3500/cis-3500-team-9/server/controller/server.js","statementMap":{"0":{"start":{"line":6,"column":16},"end":{"line":6,"column":34}},"1":{"start":{"line":9,"column":13},"end":{"line":9,"column":28}},"2":{"start":{"line":12,"column":15},"end":{"line":12,"column":24}},"3":{"start":{"line":15,"column":41},"end":{"line":15,"column":64}},"4":{"start":{"line":17,"column":0},"end":{"line":17,"column":19}},"5":{"start":{"line":20,"column":0},"end":{"line":20,"column":49}},"6":{"start":{"line":23,"column":14},"end":{"line":23,"column":39}},"7":{"start":{"line":26,"column":0},"end":{"line":28,"column":3}},"8":{"start":{"line":27,"column":4},"end":{"line":27,"column":52}},"9":{"start":{"line":35,"column":0},"end":{"line":53,"column":2}},"10":{"start":{"line":37,"column":2},"end":{"line":40,"column":3}},"11":{"start":{"line":38,"column":4},"end":{"line":38,"column":64}},"12":{"start":{"line":39,"column":4},"end":{"line":39,"column":11}},"13":{"start":{"line":41,"column":2},"end":{"line":44,"column":3}},"14":{"start":{"line":42,"column":4},"end":{"line":42,"column":64}},"15":{"start":{"line":43,"column":4},"end":{"line":43,"column":11}},"16":{"start":{"line":46,"column":2},"end":{"line":52,"column":3}},"17":{"start":{"line":47,"column":18},"end":{"line":47,"column":72}},"18":{"start":{"line":48,"column":4},"end":{"line":48,"column":45}},"19":{"start":{"line":50,"column":4},"end":{"line":50,"column":43}},"20":{"start":{"line":51,"column":4},"end":{"line":51,"column":56}},"21":{"start":{"line":58,"column":0},"end":{"line":69,"column":3}},"22":{"start":{"line":59,"column":4},"end":{"line":68,"column":5}},"23":{"start":{"line":61,"column":25},"end":{"line":61,"column":50}},"24":{"start":{"line":63,"column":8},"end":{"line":63,"column":48}},"25":{"start":{"line":67,"column":8},"end":{"line":67,"column":63}},"26":{"start":{"line":74,"column":0},"end":{"line":89,"column":5}},"27":{"start":{"line":75,"column":4},"end":{"line":75,"column":31}},"28":{"start":{"line":76,"column":4},"end":{"line":88,"column":5}},"29":{"start":{"line":78,"column":6},"end":{"line":78,"column":39}},"30":{"start":{"line":79,"column":21},"end":{"line":79,"column":55}},"31":{"start":{"line":80,"column":6},"end":{"line":83,"column":7}},"32":{"start":{"line":81,"column":8},"end":{"line":81,"column":56}},"33":{"start":{"line":82,"column":8},"end":{"line":82,"column":15}},"34":{"start":{"line":85,"column":6},"end":{"line":85,"column":45}},"35":{"start":{"line":87,"column":6},"end":{"line":87,"column":59}},"36":{"start":{"line":95,"column":0},"end":{"line":121,"column":3}},"37":{"start":{"line":97,"column":4},"end":{"line":100,"column":5}},"38":{"start":{"line":98,"column":8},"end":{"line":98,"column":85}},"39":{"start":{"line":99,"column":8},"end":{"line":99,"column":15}},"40":{"start":{"line":102,"column":4},"end":{"line":118,"column":5}},"41":{"start":{"line":103,"column":8},"end":{"line":114,"column":7}},"42":{"start":{"line":105,"column":26},"end":{"line":108,"column":11}},"43":{"start":{"line":109,"column":25},"end":{"line":109,"column":53}},"44":{"start":{"line":110,"column":10},"end":{"line":110,"column":54}},"45":{"start":{"line":113,"column":8},"end":{"line":113,"column":63}},"46":{"start":{"line":117,"column":6},"end":{"line":117,"column":64}},"47":{"start":{"line":126,"column":0},"end":{"line":138,"column":5}},"48":{"start":{"line":127,"column":4},"end":{"line":137,"column":5}},"49":{"start":{"line":128,"column":21},"end":{"line":128,"column":58}},"50":{"start":{"line":129,"column":6},"end":{"line":132,"column":7}},"51":{"start":{"line":130,"column":8},"end":{"line":130,"column":66}},"52":{"start":{"line":131,"column":8},"end":{"line":131,"column":15}},"53":{"start":{"line":134,"column":6},"end":{"line":134,"column":48}},"54":{"start":{"line":136,"column":6},"end":{"line":136,"column":59}},"55":{"start":{"line":143,"column":2},"end":{"line":157,"column":5}},"56":{"start":{"line":144,"column":4},"end":{"line":144,"column":33}},"57":{"start":{"line":146,"column":4},"end":{"line":149,"column":5}},"58":{"start":{"line":147,"column":6},"end":{"line":147,"column":57}},"59":{"start":{"line":148,"column":6},"end":{"line":148,"column":13}},"60":{"start":{"line":150,"column":4},"end":{"line":156,"column":5}},"61":{"start":{"line":151,"column":21},"end":{"line":151,"column":77}},"62":{"start":{"line":153,"column":6},"end":{"line":153,"column":48}},"63":{"start":{"line":155,"column":6},"end":{"line":155,"column":59}},"64":{"start":{"line":161,"column":0},"end":{"line":161,"column":24}}},"fnMap":{"0":{"name":"(anonymous_0)","decl":{"start":{"line":26,"column":16},"end":{"line":26,"column":17}},"loc":{"start":{"line":26,"column":31},"end":{"line":28,"column":1}},"line":26},"1":{"name":"(anonymous_1)","decl":{"start":{"line":35,"column":22},"end":{"line":35,"column":23}},"loc":{"start":{"line":35,"column":35},"end":{"line":53,"column":1}},"line":35},"2":{"name":"(anonymous_2)","decl":{"start":{"line":58,"column":21},"end":{"line":58,"column":22}},"loc":{"start":{"line":58,"column":41},"end":{"line":69,"column":1}},"line":58},"3":{"name":"(anonymous_3)","decl":{"start":{"line":74,"column":24},"end":{"line":74,"column":25}},"loc":{"start":{"line":74,"column":44},"end":{"line":89,"column":3}},"line":74},"4":{"name":"(anonymous_4)","decl":{"start":{"line":95,"column":21},"end":{"line":95,"column":22}},"loc":{"start":{"line":95,"column":41},"end":{"line":121,"column":1}},"line":95},"5":{"name":"(anonymous_5)","decl":{"start":{"line":126,"column":27},"end":{"line":126,"column":28}},"loc":{"start":{"line":126,"column":47},"end":{"line":138,"column":3}},"line":126},"6":{"name":"(anonymous_6)","decl":{"start":{"line":143,"column":26},"end":{"line":143,"column":27}},"loc":{"start":{"line":143,"column":46},"end":{"line":157,"column":3}},"line":143}},"branchMap":{"0":{"loc":{"start":{"line":37,"column":2},"end":{"line":40,"column":3}},"type":"if","locations":[{"start":{"line":37,"column":2},"end":{"line":40,"column":3}},{"start":{},"end":{}}],"line":37},"1":{"loc":{"start":{"line":37,"column":5},"end":{"line":37,"column":49}},"type":"binary-expr","locations":[{"start":{"line":37,"column":5},"end":{"line":37,"column":23}},{"start":{"line":37,"column":27},"end":{"line":37,"column":49}}],"line":37},"2":{"loc":{"start":{"line":41,"column":2},"end":{"line":44,"column":3}},"type":"if","locations":[{"start":{"line":41,"column":2},"end":{"line":44,"column":3}},{"start":{},"end":{}}],"line":41},"3":{"loc":{"start":{"line":41,"column":5},"end":{"line":41,"column":49}},"type":"binary-expr","locations":[{"start":{"line":41,"column":5},"end":{"line":41,"column":23}},{"start":{"line":41,"column":27},"end":{"line":41,"column":49}}],"line":41},"4":{"loc":{"start":{"line":80,"column":6},"end":{"line":83,"column":7}},"type":"if","locations":[{"start":{"line":80,"column":6},"end":{"line":83,"column":7}},{"start":{},"end":{}}],"line":80},"5":{"loc":{"start":{"line":97,"column":4},"end":{"line":100,"column":5}},"type":"if","locations":[{"start":{"line":97,"column":4},"end":{"line":100,"column":5}},{"start":{},"end":{}}],"line":97},"6":{"loc":{"start":{"line":97,"column":7},"end":{"line":97,"column":47}},"type":"binary-expr","locations":[{"start":{"line":97,"column":7},"end":{"line":97,"column":25}},{"start":{"line":97,"column":29},"end":{"line":97,"column":47}}],"line":97},"7":{"loc":{"start":{"line":102,"column":4},"end":{"line":118,"column":5}},"type":"if","locations":[{"start":{"line":102,"column":4},"end":{"line":118,"column":5}},{"start":{"line":116,"column":8},"end":{"line":118,"column":5}}],"line":102},"8":{"loc":{"start":{"line":129,"column":6},"end":{"line":132,"column":7}},"type":"if","locations":[{"start":{"line":129,"column":6},"end":{"line":132,"column":7}},{"start":{},"end":{}}],"line":129},"9":{"loc":{"start":{"line":146,"column":4},"end":{"line":149,"column":5}},"type":"if","locations":[{"start":{"line":146,"column":4},"end":{"line":149,"column":5}},{"start":{},"end":{}}],"line":146}},"s":{"0":2,"1":2,"2":2,"3":2,"4":2,"5":2,"6":2,"7":2,"8":0,"9":2,"10":0,"11":0,"12":0,"13":0,"14":0,"15":0,"16":0,"17":0,"18":0,"19":0,"20":0,"21":2,"22":0,"23":0,"24":0,"25":0,"26":2,"27":0,"28":0,"29":0,"30":0,"31":0,"32":0,"33":0,"34":0,"35":0,"36":2,"37":0,"38":0,"39":0,"40":0,"41":0,"42":0,"43":0,"44":0,"45":0,"46":0,"47":2,"48":0,"49":0,"50":0,"51":0,"52":0,"53":0,"54":0,"55":2,"56":0,"57":0,"58":0,"59":0,"60":0,"61":0,"62":0,"63":0,"64":2},"f":{"0":0,"1":0,"2":0,"3":0,"4":0,"5":0,"6":0},"b":{"0":[0,0],"1":[0,0],"2":[0,0],"3":[0,0],"4":[0,0],"5":[0,0],"6":[0,0],"7":[0,0],"8":[0,0],"9":[0,0]},"_coverageSchema":"1a1c01bbd47fc00a2c39e90264f33305004495a9","hash":"691bf16365584f73286c0db5aeaff3a72d56e1b9"}
,"/Users/vivxi/Desktop/CIS 3500/cis-3500-team-9/server/controller/utils/auth.js": {"path":"/Users/vivxi/Desktop/CIS 3500/cis-3500-team-9/server/controller/utils/auth.js","statementMap":{"0":{"start":{"line":9,"column":12},"end":{"line":9,"column":35}},"1":{"start":{"line":12,"column":0},"end":{"line":12,"column":27}},"2":{"start":{"line":15,"column":27},"end":{"line":15,"column":55}},"3":{"start":{"line":22,"column":25},"end":{"line":30,"column":1}},"4":{"start":{"line":23,"column":2},"end":{"line":29,"column":3}},"5":{"start":{"line":24,"column":18},"end":{"line":24,"column":80}},"6":{"start":{"line":25,"column":4},"end":{"line":25,"column":32}},"7":{"start":{"line":26,"column":4},"end":{"line":26,"column":17}},"8":{"start":{"line":28,"column":4},"end":{"line":28,"column":38}},"9":{"start":{"line":37,"column":19},"end":{"line":59,"column":1}},"10":{"start":{"line":38,"column":2},"end":{"line":58,"column":3}},"11":{"start":{"line":40,"column":20},"end":{"line":40,"column":54}},"12":{"start":{"line":41,"column":4},"end":{"line":41,"column":36}},"13":{"start":{"line":43,"column":17},"end":{"line":43,"column":55}},"14":{"start":{"line":44,"column":4},"end":{"line":47,"column":5}},"15":{"start":{"line":46,"column":6},"end":{"line":46,"column":15}},"16":{"start":{"line":48,"column":4},"end":{"line":48,"column":13}},"17":{"start":{"line":51,"column":4},"end":{"line":54,"column":5}},"18":{"start":{"line":52,"column":6},"end":{"line":52,"column":40}},"19":{"start":{"line":53,"column":6},"end":{"line":53,"column":15}},"20":{"start":{"line":56,"column":4},"end":{"line":56,"column":38}},"21":{"start":{"line":57,"column":4},"end":{"line":57,"column":13}},"22":{"start":{"line":68,"column":0},"end":{"line":68,"column":50}}},"fnMap":{"0":{"name":"(anonymous_0)","decl":{"start":{"line":22,"column":25},"end":{"line":22,"column":26}},"loc":{"start":{"line":22,"column":39},"end":{"line":30,"column":1}},"line":22},"1":{"name":"(anonymous_1)","decl":{"start":{"line":37,"column":19},"end":{"line":37,"column":20}},"loc":{"start":{"line":37,"column":36},"end":{"line":59,"column":1}},"line":37}},"branchMap":{"0":{"loc":{"start":{"line":44,"column":4},"end":{"line":47,"column":5}},"type":"if","locations":[{"start":{"line":44,"column":4},"end":{"line":47,"column":5}},{"start":{},"end":{}}],"line":44},"1":{"loc":{"start":{"line":51,"column":4},"end":{"line":54,"column":5}},"type":"if","locations":[{"start":{"line":51,"column":4},"end":{"line":54,"column":5}},{"start":{},"end":{}}],"line":51}},"s":{"0":2,"1":2,"2":2,"3":2,"4":0,"5":0,"6":0,"7":0,"8":0,"9":2,"10":0,"11":0,"12":0,"13":0,"14":0,"15":0,"16":0,"17":0,"18":0,"19":0,"20":0,"21":0,"22":2},"f":{"0":0,"1":0},"b":{"0":[0,0],"1":[0,0]},"_coverageSchema":"1a1c01bbd47fc00a2c39e90264f33305004495a9","hash":"db70a660ebbea7927c8f5a8de85d8a11fd008a88"}
,"/Users/vivxi/Desktop/CIS 3500/cis-3500-team-9/server/model/dbUtils.js": {"path":"/Users/vivxi/Desktop/CIS 3500/cis-3500-team-9/server/model/dbUtils.js","statementMap":{"0":{"start":{"line":7,"column":0},"end":{"line":7,"column":46}},"1":{"start":{"line":8,"column":24},"end":{"line":8,"column":42}},"2":{"start":{"line":9,"column":16},"end":{"line":9,"column":47}},"3":{"start":{"line":11,"column":0},"end":{"line":11,"column":29}},"4":{"start":{"line":13,"column":14},"end":{"line":13,"column":37}},"5":{"start":{"line":14,"column":0},"end":{"line":14,"column":19}},"6":{"start":{"line":23,"column":16},"end":{"line":35,"column":1}},"7":{"start":{"line":25,"column":2},"end":{"line":34,"column":3}},"8":{"start":{"line":26,"column":4},"end":{"line":28,"column":7}},"9":{"start":{"line":30,"column":4},"end":{"line":30,"column":73}},"10":{"start":{"line":31,"column":4},"end":{"line":31,"column":27}},"11":{"start":{"line":33,"column":4},"end":{"line":33,"column":29}},"12":{"start":{"line":41,"column":14},"end":{"line":47,"column":1}},"13":{"start":{"line":43,"column":2},"end":{"line":45,"column":3}},"14":{"start":{"line":44,"column":4},"end":{"line":44,"column":20}},"15":{"start":{"line":46,"column":2},"end":{"line":46,"column":30}},"16":{"start":{"line":53,"column":31},"end":{"line":55,"column":1}},"17":{"start":{"line":54,"column":2},"end":{"line":54,"column":32}},"18":{"start":{"line":57,"column":0},"end":{"line":57,"column":10}},"19":{"start":{"line":59,"column":17},"end":{"line":68,"column":1}},"20":{"start":{"line":60,"column":2},"end":{"line":67,"column":3}},"21":{"start":{"line":61,"column":15},"end":{"line":61,"column":28}},"22":{"start":{"line":62,"column":20},"end":{"line":62,"column":61}},"23":{"start":{"line":63,"column":4},"end":{"line":63,"column":50}},"24":{"start":{"line":64,"column":4},"end":{"line":64,"column":19}},"25":{"start":{"line":66,"column":4},"end":{"line":66,"column":38}},"26":{"start":{"line":71,"column":0},"end":{"line":76,"column":2}}},"fnMap":{"0":{"name":"(anonymous_0)","decl":{"start":{"line":23,"column":16},"end":{"line":23,"column":17}},"loc":{"start":{"line":23,"column":28},"end":{"line":35,"column":1}},"line":23},"1":{"name":"(anonymous_1)","decl":{"start":{"line":41,"column":14},"end":{"line":41,"column":15}},"loc":{"start":{"line":41,"column":26},"end":{"line":47,"column":1}},"line":41},"2":{"name":"(anonymous_2)","decl":{"start":{"line":53,"column":31},"end":{"line":53,"column":32}},"loc":{"start":{"line":53,"column":43},"end":{"line":55,"column":1}},"line":53},"3":{"name":"(anonymous_3)","decl":{"start":{"line":59,"column":17},"end":{"line":59,"column":18}},"loc":{"start":{"line":59,"column":29},"end":{"line":68,"column":1}},"line":59}},"branchMap":{"0":{"loc":{"start":{"line":43,"column":2},"end":{"line":45,"column":3}},"type":"if","locations":[{"start":{"line":43,"column":2},"end":{"line":45,"column":3}},{"start":{},"end":{}}],"line":43}},"s":{"0":2,"1":2,"2":2,"3":2,"4":2,"5":2,"6":2,"7":4,"8":4,"9":1,"10":1,"11":0,"12":2,"13":0,"14":0,"15":0,"16":2,"17":0,"18":2,"19":2,"20":0,"21":0,"22":0,"23":0,"24":0,"25":0,"26":2},"f":{"0":4,"1":0,"2":0,"3":0},"b":{"0":[0,0]},"_coverageSchema":"1a1c01bbd47fc00a2c39e90264f33305004495a9","hash":"102410f8b8e59b6a30951ede2d0489b6665fe11a"}
,"/Users/vivxi/Desktop/CIS 3500/cis-3500-team-9/server/model/users.js": {"path":"/Users/vivxi/Desktop/CIS 3500/cis-3500-team-9/server/model/users.js","statementMap":{"0":{"start":{"line":1,"column":21},"end":{"line":1,"column":39}},"1":{"start":{"line":2,"column":42},"end":{"line":2,"column":62}},"2":{"start":{"line":9,"column":16},"end":{"line":21,"column":1}},"3":{"start":{"line":10,"column":2},"end":{"line":20,"column":3}},"4":{"start":{"line":12,"column":15},"end":{"line":12,"column":28}},"5":{"start":{"line":13,"column":19},"end":{"line":13,"column":66}},"6":{"start":{"line":15,"column":4},"end":{"line":15,"column":66}},"7":{"start":{"line":17,"column":4},"end":{"line":17,"column":29}},"8":{"start":{"line":19,"column":4},"end":{"line":19,"column":41}},"9":{"start":{"line":27,"column":20},"end":{"line":38,"column":1}},"10":{"start":{"line":28,"column":2},"end":{"line":37,"column":3}},"11":{"start":{"line":30,"column":15},"end":{"line":30,"column":28}},"12":{"start":{"line":31,"column":19},"end":{"line":31,"column":66}},"13":{"start":{"line":33,"column":4},"end":{"line":33,"column":52}},"14":{"start":{"line":34,"column":4},"end":{"line":34,"column":18}},"15":{"start":{"line":36,"column":4},"end":{"line":36,"column":41}},"16":{"start":{"line":45,"column":16},"end":{"line":56,"column":1}},"17":{"start":{"line":46,"column":2},"end":{"line":55,"column":3}},"18":{"start":{"line":48,"column":15},"end":{"line":48,"column":28}},"19":{"start":{"line":49,"column":19},"end":{"line":49,"column":86}},"20":{"start":{"line":51,"column":4},"end":{"line":51,"column":51}},"21":{"start":{"line":52,"column":4},"end":{"line":52,"column":18}},"22":{"start":{"line":54,"column":4},"end":{"line":54,"column":41}},"23":{"start":{"line":59,"column":19},"end":{"line":71,"column":1}},"24":{"start":{"line":60,"column":2},"end":{"line":70,"column":3}},"25":{"start":{"line":62,"column":15},"end":{"line":62,"column":28}},"26":{"start":{"line":63,"column":19},"end":{"line":66,"column":5}},"27":{"start":{"line":67,"column":4},"end":{"line":67,"column":18}},"28":{"start":{"line":69,"column":4},"end":{"line":69,"column":41}},"29":{"start":{"line":74,"column":19},"end":{"line":87,"column":1}},"30":{"start":{"line":75,"column":2},"end":{"line":86,"column":3}},"31":{"start":{"line":77,"column":15},"end":{"line":77,"column":28}},"32":{"start":{"line":78,"column":19},"end":{"line":80,"column":5}},"33":{"start":{"line":82,"column":4},"end":{"line":82,"column":51}},"34":{"start":{"line":83,"column":4},"end":{"line":83,"column":18}},"35":{"start":{"line":85,"column":4},"end":{"line":85,"column":41}},"36":{"start":{"line":93,"column":0},"end":{"line":93,"column":7}},"37":{"start":{"line":95,"column":0},"end":{"line":101,"column":2}}},"fnMap":{"0":{"name":"(anonymous_0)","decl":{"start":{"line":9,"column":16},"end":{"line":9,"column":17}},"loc":{"start":{"line":9,"column":35},"end":{"line":21,"column":1}},"line":9},"1":{"name":"(anonymous_1)","decl":{"start":{"line":27,"column":20},"end":{"line":27,"column":21}},"loc":{"start":{"line":27,"column":32},"end":{"line":38,"column":1}},"line":27},"2":{"name":"(anonymous_2)","decl":{"start":{"line":45,"column":16},"end":{"line":45,"column":17}},"loc":{"start":{"line":45,"column":34},"end":{"line":56,"column":1}},"line":45},"3":{"name":"(anonymous_3)","decl":{"start":{"line":59,"column":19},"end":{"line":59,"column":20}},"loc":{"start":{"line":59,"column":47},"end":{"line":71,"column":1}},"line":59},"4":{"name":"(anonymous_4)","decl":{"start":{"line":74,"column":19},"end":{"line":74,"column":20}},"loc":{"start":{"line":74,"column":37},"end":{"line":87,"column":1}},"line":74},"5":{"name":"main","decl":{"start":{"line":89,"column":15},"end":{"line":89,"column":19}},"loc":{"start":{"line":89,"column":22},"end":{"line":91,"column":1}},"line":89}},"branchMap":{},"s":{"0":2,"1":2,"2":2,"3":0,"4":0,"5":0,"6":0,"7":0,"8":0,"9":2,"10":0,"11":0,"12":0,"13":0,"14":0,"15":0,"16":2,"17":0,"18":0,"19":0,"20":0,"21":0,"22":0,"23":2,"24":0,"25":0,"26":0,"27":0,"28":0,"29":2,"30":0,"31":0,"32":0,"33":0,"34":0,"35":0,"36":2,"37":2},"f":{"0":0,"1":0,"2":0,"3":0,"4":0,"5":2},"b":{},"_coverageSchema":"1a1c01bbd47fc00a2c39e90264f33305004495a9","hash":"3d80561374deee3aa918c2962dbab1af6e2b092a"}
,"/Users/vivxi/Desktop/CIS 3500/cis-3500-team-9/server/tests/testUtils.js": {"path":"/Users/vivxi/Desktop/CIS 3500/cis-3500-team-9/server/tests/testUtils.js","statementMap":{"0":{"start":{"line":4,"column":18},"end":{"line":7,"column":3}},"1":{"start":{"line":14,"column":29},"end":{"line":17,"column":3}},"2":{"start":{"line":15,"column":19},"end":{"line":15,"column":67}},"3":{"start":{"line":16,"column":4},"end":{"line":16,"column":29}},"4":{"start":{"line":24,"column":31},"end":{"line":36,"column":3}},"5":{"start":{"line":25,"column":4},"end":{"line":35,"column":5}},"6":{"start":{"line":26,"column":21},"end":{"line":26,"column":80}},"7":{"start":{"line":27,"column":31},"end":{"line":27,"column":37}},"8":{"start":{"line":28,"column":6},"end":{"line":32,"column":7}},"9":{"start":{"line":29,"column":8},"end":{"line":29,"column":62}},"10":{"start":{"line":31,"column":8},"end":{"line":31,"column":60}},"11":{"start":{"line":34,"column":6},"end":{"line":34,"column":40}},"12":{"start":{"line":46,"column":20},"end":{"line":54,"column":3}},"13":{"start":{"line":47,"column":16},"end":{"line":47,"column":21}},"14":{"start":{"line":48,"column":4},"end":{"line":52,"column":7}},"15":{"start":{"line":49,"column":6},"end":{"line":51,"column":7}},"16":{"start":{"line":50,"column":8},"end":{"line":50,"column":21}},"17":{"start":{"line":53,"column":4},"end":{"line":53,"column":17}},"18":{"start":{"line":57,"column":2},"end":{"line":62,"column":4}}},"fnMap":{"0":{"name":"(anonymous_0)","decl":{"start":{"line":14,"column":29},"end":{"line":14,"column":30}},"loc":{"start":{"line":14,"column":53},"end":{"line":17,"column":3}},"line":14},"1":{"name":"(anonymous_1)","decl":{"start":{"line":24,"column":31},"end":{"line":24,"column":32}},"loc":{"start":{"line":24,"column":55},"end":{"line":36,"column":3}},"line":24},"2":{"name":"(anonymous_2)","decl":{"start":{"line":46,"column":20},"end":{"line":46,"column":21}},"loc":{"start":{"line":46,"column":34},"end":{"line":54,"column":3}},"line":46},"3":{"name":"(anonymous_3)","decl":{"start":{"line":48,"column":12},"end":{"line":48,"column":13}},"loc":{"start":{"line":48,"column":19},"end":{"line":52,"column":5}},"line":48}},"branchMap":{"0":{"loc":{"start":{"line":28,"column":6},"end":{"line":32,"column":7}},"type":"if","locations":[{"start":{"line":28,"column":6},"end":{"line":32,"column":7}},{"start":{"line":30,"column":13},"end":{"line":32,"column":7}}],"line":28},"1":{"loc":{"start":{"line":49,"column":6},"end":{"line":51,"column":7}},"type":"if","locations":[{"start":{"line":49,"column":6},"end":{"line":51,"column":7}},{"start":{},"end":{}}],"line":49}},"s":{"0":2,"1":2,"2":0,"3":0,"4":2,"5":1,"6":1,"7":0,"8":0,"9":0,"10":0,"11":1,"12":2,"13":0,"14":0,"15":0,"16":0,"17":0,"18":2},"f":{"0":0,"1":1,"2":0,"3":0},"b":{"0":[0,0],"1":[0,0]},"_coverageSchema":"1a1c01bbd47fc00a2c39e90264f33305004495a9","hash":"b9446d87c98ddb35c9e857a815745ef9a957d8f9"}
}
